<?xml version="1.0" encoding="UTF-8"?>
<testsuite name="org.skyscreamer.nevado.jms.metadata.JMSHeaderOverrideTest" tests="1" skipped="0" failures="0" errors="0" timestamp="2016-11-06T13:25:27" hostname="ted-Lemur-Ultra" time="0.006">
  <properties/>
  <testcase name="testOverride" classname="org.skyscreamer.nevado.jms.metadata.JMSHeaderOverrideTest" time="0.006"/>
  <system-out><![CDATA[2016-11-06 08:25:27,803 INFO  org.skyscreamer.nevado.jms.NevadoConnection - Created temporary queue nevado_temp_1m9rmhw9ho8w2
2016-11-06 08:25:27,803 INFO  org.skyscreamer.nevado.jms.connector.mock.MockSQSConnector - Sent message to SQS 47a7e3bd-f54d-41d2-be7d-4dc9565cab19
2016-11-06 08:25:27,803 INFO  org.skyscreamer.nevado.jms.connector.mock.MockSQSConnector - Received message 47a7e3bd-f54d-41d2-be7d-4dc9565cab19
]]></system-out>
  <system-err><![CDATA[]]></system-err>
</testsuite>
