<?xml version="1.0" encoding="UTF-8"?>
<testsuite name="org.skyscreamer.nevado.jms.facilities.MessageAcknowledgementTest" tests="5" skipped="0" failures="0" errors="0" timestamp="2016-11-06T13:25:22" hostname="ted-Lemur-Ultra" time="1.028">
  <properties/>
  <testcase name="testAsyncAutoAcknowledge" classname="org.skyscreamer.nevado.jms.facilities.MessageAcknowledgementTest" time="1.008"/>
  <testcase name="testDupsOkayAcknowledge" classname="org.skyscreamer.nevado.jms.facilities.MessageAcknowledgementTest" time="0.004"/>
  <testcase name="testClientAcknowledge" classname="org.skyscreamer.nevado.jms.facilities.MessageAcknowledgementTest" time="0.006"/>
  <testcase name="testPartialClientAcknowledge" classname="org.skyscreamer.nevado.jms.facilities.MessageAcknowledgementTest" time="0.006"/>
  <testcase name="testAutoAcknowledge" classname="org.skyscreamer.nevado.jms.facilities.MessageAcknowledgementTest" time="0.003"/>
  <system-out><![CDATA[2016-11-06 08:25:22,938 INFO  org.skyscreamer.nevado.jms.NevadoConnection - Created temporary queue nevado_temp_38kuyo53set7v_tempQueue
2016-11-06 08:25:22,939 INFO  org.skyscreamer.nevado.jms.connector.mock.MockSQSConnector - Sent message to SQS 14472ff7-1077-4509-99b8-6b09c02f9fae
2016-11-06 08:25:22,989 INFO  org.skyscreamer.nevado.jms.connector.mock.MockSQSConnector - Received message 14472ff7-1077-4509-99b8-6b09c02f9fae
2016-11-06 08:25:23,942 INFO  org.skyscreamer.nevado.jms.NevadoConnection - Created temporary queue nevado_temp_t4q3q9whfsl4_tempQueue
2016-11-06 08:25:23,943 INFO  org.skyscreamer.nevado.jms.connector.mock.MockSQSConnector - Sent message to SQS d8d1aa6f-6e3c-43e4-9080-5369df89c079
2016-11-06 08:25:23,943 INFO  org.skyscreamer.nevado.jms.connector.mock.MockSQSConnector - Received message d8d1aa6f-6e3c-43e4-9080-5369df89c079
2016-11-06 08:25:23,946 INFO  org.skyscreamer.nevado.jms.NevadoConnection - Created temporary queue nevado_temp_1p4k1yj2yp50r_tempQueue
2016-11-06 08:25:23,947 INFO  org.skyscreamer.nevado.jms.connector.mock.MockSQSConnector - Sent message to SQS 183b8c0c-fdfc-460c-8591-6f9c54411b26
2016-11-06 08:25:23,947 INFO  org.skyscreamer.nevado.jms.connector.mock.MockSQSConnector - Sent message to SQS ec9c21ce-cb4b-4924-85df-ee191d41801e
2016-11-06 08:25:23,947 INFO  org.skyscreamer.nevado.jms.connector.mock.MockSQSConnector - Sent message to SQS 13b2d712-26ee-4d94-a24f-7f45433251ae
2016-11-06 08:25:23,948 INFO  org.skyscreamer.nevado.jms.connector.mock.MockSQSConnector - Received message 183b8c0c-fdfc-460c-8591-6f9c54411b26
2016-11-06 08:25:23,948 INFO  org.skyscreamer.nevado.jms.connector.mock.MockSQSConnector - Received message ec9c21ce-cb4b-4924-85df-ee191d41801e
2016-11-06 08:25:23,949 INFO  org.skyscreamer.nevado.jms.connector.mock.MockSQSConnector - Received message 13b2d712-26ee-4d94-a24f-7f45433251ae
2016-11-06 08:25:23,952 INFO  org.skyscreamer.nevado.jms.NevadoConnection - Created temporary queue nevado_temp_2bq2434k6nk52_tempQueue
2016-11-06 08:25:23,952 INFO  org.skyscreamer.nevado.jms.connector.mock.MockSQSConnector - Sent message to SQS a359900f-d66c-4dea-be30-1e720736d92d
2016-11-06 08:25:23,953 INFO  org.skyscreamer.nevado.jms.connector.mock.MockSQSConnector - Sent message to SQS 210f8c3b-1504-4bf6-b5ab-a79a51eae23c
2016-11-06 08:25:23,953 INFO  org.skyscreamer.nevado.jms.connector.mock.MockSQSConnector - Sent message to SQS 14e0fe12-1e6b-4f42-b135-55b01d464dae
2016-11-06 08:25:23,953 INFO  org.skyscreamer.nevado.jms.connector.mock.MockSQSConnector - Received message a359900f-d66c-4dea-be30-1e720736d92d
2016-11-06 08:25:23,954 INFO  org.skyscreamer.nevado.jms.connector.mock.MockSQSConnector - Received message 210f8c3b-1504-4bf6-b5ab-a79a51eae23c
2016-11-06 08:25:23,955 INFO  org.skyscreamer.nevado.jms.connector.mock.MockSQSConnector - Received message 14e0fe12-1e6b-4f42-b135-55b01d464dae
2016-11-06 08:25:23,956 INFO  org.skyscreamer.nevado.jms.connector.mock.MockSQSConnector - Received message 14e0fe12-1e6b-4f42-b135-55b01d464dae
2016-11-06 08:25:23,958 INFO  org.skyscreamer.nevado.jms.NevadoConnection - Created temporary queue nevado_temp_1kvsgbipobf5k_tempQueue
2016-11-06 08:25:23,958 INFO  org.skyscreamer.nevado.jms.connector.mock.MockSQSConnector - Sent message to SQS 4c8c8908-c70c-4404-887c-372c777b914f
2016-11-06 08:25:23,959 INFO  org.skyscreamer.nevado.jms.connector.mock.MockSQSConnector - Received message 4c8c8908-c70c-4404-887c-372c777b914f
]]></system-out>
  <system-err><![CDATA[]]></system-err>
</testsuite>
