<?xml version="1.0" encoding="UTF-8"?>
<testsuite name="org.skyscreamer.nevado.jms.message.MapMessageTest" tests="70" skipped="0" failures="0" errors="0" timestamp="2016-11-06T13:25:24" hostname="ted-Lemur-Ultra" time="0.054">
  <properties/>
  <testcase name="dyFail" classname="org.skyscreamer.nevado.jms.message.MapMessageTest" time="0.004"/>
  <testcase name="zyFail" classname="org.skyscreamer.nevado.jms.message.MapMessageTest" time="0.0"/>
  <testcase name="bhFail" classname="org.skyscreamer.nevado.jms.message.MapMessageTest" time="0.001"/>
  <testcase name="chFail" classname="org.skyscreamer.nevado.jms.message.MapMessageTest" time="0.0"/>
  <testcase name="ihFail" classname="org.skyscreamer.nevado.jms.message.MapMessageTest" time="0.001"/>
  <testcase name="lhFail" classname="org.skyscreamer.nevado.jms.message.MapMessageTest" time="0.0"/>
  <testcase name="fhFail" classname="org.skyscreamer.nevado.jms.message.MapMessageTest" time="0.001"/>
  <testcase name="dhFail" classname="org.skyscreamer.nevado.jms.message.MapMessageTest" time="0.0"/>
  <testcase name="zhFail" classname="org.skyscreamer.nevado.jms.message.MapMessageTest" time="0.0"/>
  <testcase name="bcFail" classname="org.skyscreamer.nevado.jms.message.MapMessageTest" time="0.001"/>
  <testcase name="ycFail" classname="org.skyscreamer.nevado.jms.message.MapMessageTest" time="0.0"/>
  <testcase name="hcFail" classname="org.skyscreamer.nevado.jms.message.MapMessageTest" time="0.001"/>
  <testcase name="icFail" classname="org.skyscreamer.nevado.jms.message.MapMessageTest" time="0.0"/>
  <testcase name="lcFail" classname="org.skyscreamer.nevado.jms.message.MapMessageTest" time="0.0"/>
  <testcase name="fcFail" classname="org.skyscreamer.nevado.jms.message.MapMessageTest" time="0.001"/>
  <testcase name="dcFail" classname="org.skyscreamer.nevado.jms.message.MapMessageTest" time="0.0"/>
  <testcase name="scFail" classname="org.skyscreamer.nevado.jms.message.MapMessageTest" time="0.001"/>
  <testcase name="zcFail" classname="org.skyscreamer.nevado.jms.message.MapMessageTest" time="0.0"/>
  <testcase name="biFail" classname="org.skyscreamer.nevado.jms.message.MapMessageTest" time="0.0"/>
  <testcase name="ciFail" classname="org.skyscreamer.nevado.jms.message.MapMessageTest" time="0.0"/>
  <testcase name="liFail" classname="org.skyscreamer.nevado.jms.message.MapMessageTest" time="0.0"/>
  <testcase name="fiFail" classname="org.skyscreamer.nevado.jms.message.MapMessageTest" time="0.001"/>
  <testcase name="diFail" classname="org.skyscreamer.nevado.jms.message.MapMessageTest" time="0.0"/>
  <testcase name="yzFail" classname="org.skyscreamer.nevado.jms.message.MapMessageTest" time="0.0"/>
  <testcase name="hzFail" classname="org.skyscreamer.nevado.jms.message.MapMessageTest" time="0.001"/>
  <testcase name="czFail" classname="org.skyscreamer.nevado.jms.message.MapMessageTest" time="0.0"/>
  <testcase name="izFail" classname="org.skyscreamer.nevado.jms.message.MapMessageTest" time="0.001"/>
  <testcase name="lzFail" classname="org.skyscreamer.nevado.jms.message.MapMessageTest" time="0.0"/>
  <testcase name="fzFail" classname="org.skyscreamer.nevado.jms.message.MapMessageTest" time="0.001"/>
  <testcase name="dzFail" classname="org.skyscreamer.nevado.jms.message.MapMessageTest" time="0.001"/>
  <testcase name="szFail" classname="org.skyscreamer.nevado.jms.message.MapMessageTest" time="0.001"/>
  <testcase name="ziFail" classname="org.skyscreamer.nevado.jms.message.MapMessageTest" time="0.0"/>
  <testcase name="blFail" classname="org.skyscreamer.nevado.jms.message.MapMessageTest" time="0.0"/>
  <testcase name="clFail" classname="org.skyscreamer.nevado.jms.message.MapMessageTest" time="0.001"/>
  <testcase name="dlFail" classname="org.skyscreamer.nevado.jms.message.MapMessageTest" time="0.001"/>
  <testcase name="flFail" classname="org.skyscreamer.nevado.jms.message.MapMessageTest" time="0.001"/>
  <testcase name="zlFail" classname="org.skyscreamer.nevado.jms.message.MapMessageTest" time="0.0"/>
  <testcase name="bfFail" classname="org.skyscreamer.nevado.jms.message.MapMessageTest" time="0.0"/>
  <testcase name="yfFail" classname="org.skyscreamer.nevado.jms.message.MapMessageTest" time="0.001"/>
  <testcase name="hfFail" classname="org.skyscreamer.nevado.jms.message.MapMessageTest" time="0.0"/>
  <testcase name="cfFail" classname="org.skyscreamer.nevado.jms.message.MapMessageTest" time="0.001"/>
  <testcase name="ifFail" classname="org.skyscreamer.nevado.jms.message.MapMessageTest" time="0.0"/>
  <testcase name="lfFail" classname="org.skyscreamer.nevado.jms.message.MapMessageTest" time="0.0"/>
  <testcase name="dfFail" classname="org.skyscreamer.nevado.jms.message.MapMessageTest" time="0.001"/>
  <testcase name="zfFail" classname="org.skyscreamer.nevado.jms.message.MapMessageTest" time="0.0"/>
  <testcase name="bdFail" classname="org.skyscreamer.nevado.jms.message.MapMessageTest" time="0.001"/>
  <testcase name="ydFail" classname="org.skyscreamer.nevado.jms.message.MapMessageTest" time="0.0"/>
  <testcase name="hdFail" classname="org.skyscreamer.nevado.jms.message.MapMessageTest" time="0.0"/>
  <testcase name="cdFail" classname="org.skyscreamer.nevado.jms.message.MapMessageTest" time="0.001"/>
  <testcase name="idFail" classname="org.skyscreamer.nevado.jms.message.MapMessageTest" time="0.001"/>
  <testcase name="ldFail" classname="org.skyscreamer.nevado.jms.message.MapMessageTest" time="0.001"/>
  <testcase name="zdFail" classname="org.skyscreamer.nevado.jms.message.MapMessageTest" time="0.0"/>
  <testcase name="zsFail" classname="org.skyscreamer.nevado.jms.message.MapMessageTest" time="0.001"/>
  <testcase name="bzFail" classname="org.skyscreamer.nevado.jms.message.MapMessageTest" time="0.001"/>
  <testcase name="testAlienMapMessage" classname="org.skyscreamer.nevado.jms.message.MapMessageTest" time="0.009"/>
  <testcase name="sbFail" classname="org.skyscreamer.nevado.jms.message.MapMessageTest" time="0.001"/>
  <testcase name="cbFail" classname="org.skyscreamer.nevado.jms.message.MapMessageTest" time="0.001"/>
  <testcase name="ibFail" classname="org.skyscreamer.nevado.jms.message.MapMessageTest" time="0.0"/>
  <testcase name="byFail" classname="org.skyscreamer.nevado.jms.message.MapMessageTest" time="0.0"/>
  <testcase name="syFail" classname="org.skyscreamer.nevado.jms.message.MapMessageTest" time="0.0"/>
  <testcase name="cyFail" classname="org.skyscreamer.nevado.jms.message.MapMessageTest" time="0.0"/>
  <testcase name="iyFail" classname="org.skyscreamer.nevado.jms.message.MapMessageTest" time="0.0"/>
  <testcase name="lyFail" classname="org.skyscreamer.nevado.jms.message.MapMessageTest" time="0.001"/>
  <testcase name="fyFail" classname="org.skyscreamer.nevado.jms.message.MapMessageTest" time="0.0"/>
  <testcase name="ybFail" classname="org.skyscreamer.nevado.jms.message.MapMessageTest" time="0.001"/>
  <testcase name="dbFail" classname="org.skyscreamer.nevado.jms.message.MapMessageTest" time="0.0"/>
  <testcase name="zbFail" classname="org.skyscreamer.nevado.jms.message.MapMessageTest" time="0.0"/>
  <testcase name="lbFail" classname="org.skyscreamer.nevado.jms.message.MapMessageTest" time="0.001"/>
  <testcase name="fbFail" classname="org.skyscreamer.nevado.jms.message.MapMessageTest" time="0.0"/>
  <testcase name="testMapMessage" classname="org.skyscreamer.nevado.jms.message.MapMessageTest" time="0.003"/>
  <system-out><![CDATA[2016-11-06 08:25:24,954 INFO  org.skyscreamer.nevado.jms.NevadoConnection - Created temporary queue nevado_temp_2e6pqa9umncp1_tempQueue
2016-11-06 08:25:24,957 INFO  org.skyscreamer.nevado.jms.connector.mock.MockSQSConnector - Sent message to SQS b42e5448-9560-4cd1-8f35-78be8b333ac3
2016-11-06 08:25:24,957 INFO  org.skyscreamer.nevado.jms.connector.mock.MockSQSConnector - Received message b42e5448-9560-4cd1-8f35-78be8b333ac3
2016-11-06 08:25:24,968 INFO  org.skyscreamer.nevado.jms.NevadoConnection - Created temporary queue nevado_temp_gl76z9qfqdcw_tempQueue
2016-11-06 08:25:24,969 INFO  org.skyscreamer.nevado.jms.connector.mock.MockSQSConnector - Sent message to SQS 04ec2db0-1e7b-4b8d-bc15-4a1c7faa83bf
2016-11-06 08:25:24,969 INFO  org.skyscreamer.nevado.jms.connector.mock.MockSQSConnector - Received message 04ec2db0-1e7b-4b8d-bc15-4a1c7faa83bf
]]></system-out>
  <system-err><![CDATA[]]></system-err>
</testsuite>
