<?xml version="1.0" encoding="UTF-8"?>
<testsuite name="org.skyscreamer.nevado.jms.resource.SerializableTest" tests="3" skipped="0" failures="0" errors="0" timestamp="2016-11-06T13:25:27" hostname="ted-Lemur-Ultra" time="0.01">
  <properties/>
  <testcase name="testQueue" classname="org.skyscreamer.nevado.jms.resource.SerializableTest" time="0.006"/>
  <testcase name="testConnectionFactory" classname="org.skyscreamer.nevado.jms.resource.SerializableTest" time="0.002"/>
  <testcase name="testTopic" classname="org.skyscreamer.nevado.jms.resource.SerializableTest" time="0.002"/>
  <system-out><![CDATA[2016-11-06 08:25:27,742 INFO  org.skyscreamer.nevado.jms.NevadoConnection - Created temporary queue nevado_temp_3s8b2j6lg8fww_tempQueue
2016-11-06 08:25:27,747 INFO  org.skyscreamer.nevado.jms.NevadoConnection - Created temporary topic nevado_temp_1srl678x642b6_tempTopic
]]></system-out>
  <system-err><![CDATA[]]></system-err>
</testsuite>
