<?xml version="1.0" encoding="UTF-8"?>
<testsuite name="org.skyscreamer.nevado.jms.destination.TemporaryQueueTest" tests="3" skipped="0" failures="0" errors="0" timestamp="2016-11-06T13:24:56" hostname="ted-Lemur-Ultra" time="0.014">
  <properties/>
  <testcase name="testTemporaryQueue" classname="org.skyscreamer.nevado.jms.destination.TemporaryQueueTest" time="0.011"/>
  <testcase name="testTemporaryQueueSuffix" classname="org.skyscreamer.nevado.jms.destination.TemporaryQueueTest" time="0.002"/>
  <testcase name="testTemporaryQueueAcrossConnections" classname="org.skyscreamer.nevado.jms.destination.TemporaryQueueTest" time="0.001"/>
  <system-out><![CDATA[2016-11-06 08:24:56,893 INFO  org.skyscreamer.nevado.jms.NevadoConnection - Created temporary queue nevado_temp_5fzda87oaer9_tempQueue
2016-11-06 08:24:56,894 INFO  org.skyscreamer.nevado.jms.connector.mock.MockSQSConnector - Sent message to SQS fc8cf033-e6ba-4f66-9e53-182787e1cb26
2016-11-06 08:24:56,894 INFO  org.skyscreamer.nevado.jms.connector.mock.MockSQSConnector - Received message fc8cf033-e6ba-4f66-9e53-182787e1cb26
2016-11-06 08:24:56,897 INFO  org.skyscreamer.nevado.jms.NevadoConnection - Created temporary queue nevado_temp_2hwskngl3xyx_3ho2r9g
2016-11-06 08:24:56,899 INFO  org.skyscreamer.nevado.jms.NevadoConnection - Created temporary queue nevado_temp_2k83ntw9rbtym_tempQueue
]]></system-out>
  <system-err><![CDATA[]]></system-err>
</testsuite>
