<?xml version="1.0" encoding="UTF-8"?>
<testsuite name="org.skyscreamer.nevado.jms.properties.PropertyValueTest" tests="2" skipped="0" failures="0" errors="0" timestamp="2016-11-06T13:25:27" hostname="ted-Lemur-Ultra" time="0.004">
  <properties/>
  <testcase name="testValidValues" classname="org.skyscreamer.nevado.jms.properties.PropertyValueTest" time="0.003"/>
  <testcase name="testInvalidValues" classname="org.skyscreamer.nevado.jms.properties.PropertyValueTest" time="0.001"/>
  <system-out><![CDATA[]]></system-out>
  <system-err><![CDATA[]]></system-err>
</testsuite>
