<?xml version="1.0" encoding="UTF-8"?>
<testsuite name="org.skyscreamer.nevado.jms.message.BytesMessageTest" tests="6" skipped="0" failures="0" errors="0" timestamp="2016-11-06T13:25:24" hostname="ted-Lemur-Ultra" time="0.035">
  <properties/>
  <testcase name="testLotsOfBytes" classname="org.skyscreamer.nevado.jms.message.BytesMessageTest" time="0.017"/>
  <testcase name="testMessageNotReadableException" classname="org.skyscreamer.nevado.jms.message.BytesMessageTest" time="0.001"/>
  <testcase name="testAlienBytesMessage" classname="org.skyscreamer.nevado.jms.message.BytesMessageTest" time="0.011"/>
  <testcase name="testMessageEOF" classname="org.skyscreamer.nevado.jms.message.BytesMessageTest" time="0.002"/>
  <testcase name="testBytesMessage" classname="org.skyscreamer.nevado.jms.message.BytesMessageTest" time="0.002"/>
  <testcase name="testMessageNotWritableException" classname="org.skyscreamer.nevado.jms.message.BytesMessageTest" time="0.002"/>
  <system-out><![CDATA[2016-11-06 08:25:24,852 INFO  org.skyscreamer.nevado.jms.NevadoConnection - Created temporary queue nevado_temp_2egmplt72gze_tempQueue
2016-11-06 08:25:24,854 INFO  org.skyscreamer.nevado.jms.connector.mock.MockSQSConnector - Sent message to SQS 88f914bb-5437-49ee-9df0-23c350538250
2016-11-06 08:25:24,854 INFO  org.skyscreamer.nevado.jms.connector.mock.MockSQSConnector - Received message 88f914bb-5437-49ee-9df0-23c350538250
2016-11-06 08:25:24,870 INFO  org.skyscreamer.nevado.jms.NevadoConnection - Created temporary queue nevado_temp_1lbwfpg8w2djv_tempQueue
2016-11-06 08:25:24,873 INFO  org.skyscreamer.nevado.jms.connector.mock.MockSQSConnector - Sent message to SQS def58ea0-f88e-4b62-af2b-570a21f4e18a
2016-11-06 08:25:24,873 INFO  org.skyscreamer.nevado.jms.connector.mock.MockSQSConnector - Received message def58ea0-f88e-4b62-af2b-570a21f4e18a
2016-11-06 08:25:24,875 INFO  org.skyscreamer.nevado.jms.NevadoConnection - Created temporary queue nevado_temp_3htrucddad656_tempQueue
2016-11-06 08:25:24,875 INFO  org.skyscreamer.nevado.jms.connector.mock.MockSQSConnector - Sent message to SQS c4710db9-9132-4d49-8f97-b9ae474ab757
2016-11-06 08:25:24,876 INFO  org.skyscreamer.nevado.jms.connector.mock.MockSQSConnector - Received message c4710db9-9132-4d49-8f97-b9ae474ab757
2016-11-06 08:25:24,877 INFO  org.skyscreamer.nevado.jms.NevadoConnection - Created temporary queue nevado_temp_qekt68dk2771_tempQueue
2016-11-06 08:25:24,877 INFO  org.skyscreamer.nevado.jms.connector.mock.MockSQSConnector - Sent message to SQS 4f52a7e6-3560-47ca-bebf-516a7cc6a5f3
2016-11-06 08:25:24,878 INFO  org.skyscreamer.nevado.jms.connector.mock.MockSQSConnector - Received message 4f52a7e6-3560-47ca-bebf-516a7cc6a5f3
2016-11-06 08:25:24,879 INFO  org.skyscreamer.nevado.jms.NevadoConnection - Created temporary queue nevado_temp_1cekn7e1zffhc_tempQueue
2016-11-06 08:25:24,879 INFO  org.skyscreamer.nevado.jms.connector.mock.MockSQSConnector - Sent message to SQS 73c5bfbf-6989-4478-919d-b03fc4177b20
2016-11-06 08:25:24,879 INFO  org.skyscreamer.nevado.jms.connector.mock.MockSQSConnector - Received message 73c5bfbf-6989-4478-919d-b03fc4177b20
]]></system-out>
  <system-err><![CDATA[]]></system-err>
</testsuite>
