<?xml version="1.0" encoding="UTF-8"?>
<testsuite name="org.skyscreamer.nevado.jms.properties.PropertyIteratorTest" tests="1" skipped="0" failures="0" errors="0" timestamp="2016-11-06T13:25:27" hostname="ted-Lemur-Ultra" time="0.007">
  <properties/>
  <testcase name="testIterator" classname="org.skyscreamer.nevado.jms.properties.PropertyIteratorTest" time="0.007"/>
  <system-out><![CDATA[2016-11-06 08:25:27,935 INFO  org.skyscreamer.nevado.jms.NevadoConnection - Created temporary queue nevado_temp_8fzujdn4jz6a_tempQueue
2016-11-06 08:25:27,935 INFO  org.skyscreamer.nevado.jms.connector.mock.MockSQSConnector - Sent message to SQS d0016b8c-ecac-4270-8a05-3d773aa519fe
2016-11-06 08:25:27,936 INFO  org.skyscreamer.nevado.jms.connector.mock.MockSQSConnector - Received message d0016b8c-ecac-4270-8a05-3d773aa519fe
]]></system-out>
  <system-err><![CDATA[]]></system-err>
</testsuite>
