<?xml version="1.0" encoding="UTF-8"?>
<testsuite name="org.skyscreamer.nevado.jms.properties.ReadOnlyPropertyTest" tests="2" skipped="0" failures="0" errors="0" timestamp="2016-11-06T13:25:27" hostname="ted-Lemur-Ultra" time="0.005">
  <properties/>
  <testcase name="testReadonlyAfterSendThenClear" classname="org.skyscreamer.nevado.jms.properties.ReadOnlyPropertyTest" time="0.003"/>
  <testcase name="testReadonlyAfterSend" classname="org.skyscreamer.nevado.jms.properties.ReadOnlyPropertyTest" time="0.002"/>
  <system-out><![CDATA[2016-11-06 08:25:27,945 INFO  org.skyscreamer.nevado.jms.NevadoConnection - Created temporary queue nevado_temp_1q4zscsreivt7_tempQueue
2016-11-06 08:25:27,946 INFO  org.skyscreamer.nevado.jms.connector.mock.MockSQSConnector - Sent message to SQS 52c45c7b-2021-40b7-a2b7-da8afab1dacd
2016-11-06 08:25:27,946 INFO  org.skyscreamer.nevado.jms.connector.mock.MockSQSConnector - Received message 52c45c7b-2021-40b7-a2b7-da8afab1dacd
2016-11-06 08:25:27,947 INFO  org.skyscreamer.nevado.jms.NevadoConnection - Created temporary queue nevado_temp_1p6lp86fizfg3_tempQueue
2016-11-06 08:25:27,947 INFO  org.skyscreamer.nevado.jms.connector.mock.MockSQSConnector - Sent message to SQS ab40c385-123f-4920-b0da-96fa6ab882ac
2016-11-06 08:25:27,947 INFO  org.skyscreamer.nevado.jms.connector.mock.MockSQSConnector - Received message ab40c385-123f-4920-b0da-96fa6ab882ac
]]></system-out>
  <system-err><![CDATA[]]></system-err>
</testsuite>
