<?xml version="1.0" encoding="UTF-8"?>
<testsuite name="org.skyscreamer.nevado.jms.properties.JMSXPropertiesTest" tests="2" skipped="0" failures="0" errors="0" timestamp="2016-11-06T13:25:27" hostname="ted-Lemur-Ultra" time="0.004">
  <properties/>
  <testcase name="testSetJMSXProperty" classname="org.skyscreamer.nevado.jms.properties.JMSXPropertiesTest" time="0.003"/>
  <testcase name="testSupported" classname="org.skyscreamer.nevado.jms.properties.JMSXPropertiesTest" time="0.001"/>
  <system-out><![CDATA[2016-11-06 08:25:27,872 INFO  org.skyscreamer.nevado.jms.NevadoConnection - Created temporary queue nevado_temp_1064cak76qx6h_tempQueue
2016-11-06 08:25:27,873 INFO  org.skyscreamer.nevado.jms.connector.mock.MockSQSConnector - Sent message to SQS eaf33f7c-b950-41bd-9e59-3437c7634442
2016-11-06 08:25:27,873 INFO  org.skyscreamer.nevado.jms.connector.mock.MockSQSConnector - Received message eaf33f7c-b950-41bd-9e59-3437c7634442
]]></system-out>
  <system-err><![CDATA[]]></system-err>
</testsuite>
