<?xml version="1.0" encoding="UTF-8"?>
<testsuite name="org.skyscreamer.nevado.jms.facilities.ConnectionCloseTest" tests="11" skipped="0" failures="0" errors="0" timestamp="2016-11-06T13:24:57" hostname="ted-Lemur-Ultra" time="0.342">
  <properties/>
  <testcase name="testAcknowledgeMessage" classname="org.skyscreamer.nevado.jms.facilities.ConnectionCloseTest" time="0.01"/>
  <testcase name="reClose" classname="org.skyscreamer.nevado.jms.facilities.ConnectionCloseTest" time="0.0"/>
  <testcase name="reCloseSession" classname="org.skyscreamer.nevado.jms.facilities.ConnectionCloseTest" time="0.0"/>
  <testcase name="testSessionAfterClose" classname="org.skyscreamer.nevado.jms.facilities.ConnectionCloseTest" time="0.004"/>
  <testcase name="testConsumerAfterClose" classname="org.skyscreamer.nevado.jms.facilities.ConnectionCloseTest" time="0.001"/>
  <testcase name="testProducerAfterClose" classname="org.skyscreamer.nevado.jms.facilities.ConnectionCloseTest" time="0.001"/>
  <testcase name="testReceiveAfterClose" classname="org.skyscreamer.nevado.jms.facilities.ConnectionCloseTest" time="0.002"/>
  <testcase name="testRollbackTransaction" classname="org.skyscreamer.nevado.jms.facilities.ConnectionCloseTest" time="0.207"/>
  <testcase name="testRecursiveClose" classname="org.skyscreamer.nevado.jms.facilities.ConnectionCloseTest" time="0.003"/>
  <testcase name="testRecursiveSessionClose" classname="org.skyscreamer.nevado.jms.facilities.ConnectionCloseTest" time="0.003"/>
  <testcase name="testPendingMessages" classname="org.skyscreamer.nevado.jms.facilities.ConnectionCloseTest" time="0.105"/>
  <system-out><![CDATA[2016-11-06 08:24:57,391 INFO  org.skyscreamer.nevado.jms.NevadoConnection - Created temporary queue nevado_temp_207hqp7e7g79b_tempQueue
2016-11-06 08:24:57,391 INFO  org.skyscreamer.nevado.jms.connector.mock.MockSQSConnector - Sent message to SQS 5789b6e8-e594-4919-bfa6-246b69f4ea21
2016-11-06 08:24:57,391 INFO  org.skyscreamer.nevado.jms.connector.mock.MockSQSConnector - Received message 5789b6e8-e594-4919-bfa6-246b69f4ea21
2016-11-06 08:24:57,400 INFO  org.skyscreamer.nevado.jms.NevadoConnection - Created temporary queue nevado_temp_24bk65tjqs72q_tempQueue
2016-11-06 08:24:57,402 INFO  org.skyscreamer.nevado.jms.NevadoConnection - Created temporary queue nevado_temp_3gdrdptgsv76i_tempQueue
2016-11-06 08:24:57,406 INFO  org.skyscreamer.nevado.jms.connector.mock.MockSQSConnector - Sent message to SQS e10751ec-db6f-47cd-883b-8a52fa926dea
2016-11-06 08:24:57,407 INFO  org.skyscreamer.nevado.jms.connector.mock.MockSQSConnector - Received message e10751ec-db6f-47cd-883b-8a52fa926dea
2016-11-06 08:24:57,410 INFO  org.skyscreamer.nevado.jms.connector.mock.MockSQSConnector - Received message e10751ec-db6f-47cd-883b-8a52fa926dea
2016-11-06 08:24:57,615 INFO  org.skyscreamer.nevado.jms.NevadoConnection - Created temporary queue nevado_temp_20kcizrh7qo1p_tempQueue
2016-11-06 08:24:57,619 INFO  org.skyscreamer.nevado.jms.NevadoConnection - Created temporary queue nevado_temp_3005s6rblnilc_tempQueue
2016-11-06 08:24:57,622 INFO  org.skyscreamer.nevado.jms.NevadoConnection - Created temporary queue nevado_temp_1uzwp667uvn28_tempQueue
2016-11-06 08:24:57,623 INFO  org.skyscreamer.nevado.jms.connector.mock.MockSQSConnector - Sent message to SQS 51041781-fa05-4daa-960c-d138cb315681
]]></system-out>
  <system-err><![CDATA[]]></system-err>
</testsuite>
