<?xml version="1.0" encoding="UTF-8"?>
<testsuite name="org.skyscreamer.nevado.jms.facilities.ClientIDTest" tests="6" skipped="0" failures="0" errors="0" timestamp="2016-11-06T13:25:17" hostname="ted-Lemur-Ultra" time="0.014">
  <properties/>
  <testcase name="testClientID1" classname="org.skyscreamer.nevado.jms.facilities.ClientIDTest" time="0.007"/>
  <testcase name="testClientID2" classname="org.skyscreamer.nevado.jms.facilities.ClientIDTest" time="0.001"/>
  <testcase name="testClientID3" classname="org.skyscreamer.nevado.jms.facilities.ClientIDTest" time="0.001"/>
  <testcase name="testClientID4" classname="org.skyscreamer.nevado.jms.facilities.ClientIDTest" time="0.001"/>
  <testcase name="testClientID5" classname="org.skyscreamer.nevado.jms.facilities.ClientIDTest" time="0.001"/>
  <testcase name="testBadClientID" classname="org.skyscreamer.nevado.jms.facilities.ClientIDTest" time="0.002"/>
  <system-out><![CDATA[]]></system-out>
  <system-err><![CDATA[]]></system-err>
</testsuite>
