<?xml version="1.0" encoding="UTF-8"?>
<testsuite name="org.skyscreamer.nevado.jms.destination.TemporaryTopicTest" tests="5" skipped="0" failures="0" errors="0" timestamp="2016-11-06T13:24:57" hostname="ted-Lemur-Ultra" time="0.018">
  <properties/>
  <testcase name="testTemporaryTopic" classname="org.skyscreamer.nevado.jms.destination.TemporaryTopicTest" time="0.007"/>
  <testcase name="testTemporaryTopicSuffix" classname="org.skyscreamer.nevado.jms.destination.TemporaryTopicTest" time="0.001"/>
  <testcase name="testDeleteUnusedTemporaryTopics" classname="org.skyscreamer.nevado.jms.destination.TemporaryTopicTest" time="0.007"/>
  <testcase name="testTemporaryTopicDeletion" classname="org.skyscreamer.nevado.jms.destination.TemporaryTopicTest" time="0.001"/>
  <testcase name="testTemporaryQueueAcrossConnections" classname="org.skyscreamer.nevado.jms.destination.TemporaryTopicTest" time="0.001"/>
  <system-out><![CDATA[2016-11-06 08:24:57,331 INFO  org.skyscreamer.nevado.jms.NevadoConnection - Created temporary topic nevado_temp_3kbw8flkc8mq5_tempTopic
2016-11-06 08:24:57,332 INFO  org.skyscreamer.nevado.jms.NevadoConnection - Created temporary queue nevado_temp_3666w1o0kjd4x_tempQueue
2016-11-06 08:24:57,333 INFO  org.skyscreamer.nevado.jms.connector.mock.MockSQSConnector - Received message 4e271414-8864-467a-9abe-52d87fbeb7e0
2016-11-06 08:24:57,335 INFO  org.skyscreamer.nevado.jms.NevadoConnection - Created temporary topic nevado_temp_30v6qjc5r29cr7ac0bf6c-7794-4c8d-96fc-81766c9fd754
2016-11-06 08:24:57,336 INFO  org.skyscreamer.nevado.jms.NevadoConnection - Created temporary topic nevado_temp_31uulr7z0cy5ea8695588-9a48-4d14-8d03-b736b5371dcd
2016-11-06 08:24:57,337 INFO  org.skyscreamer.nevado.jms.NevadoConnection - Created temporary topic nevado_temp_1r26vr5yycutq6ccad2b4-6dff-4f34-b972-621c2b1da524
2016-11-06 08:24:57,338 ERROR org.skyscreamer.nevado.jms.NevadoConnection - Unable to delete temporary destination nevado_temp_1r26vr5yycutq6ccad2b4-6dff-4f34-b972-621c2b1da524
javax.jms.JMSException: No such topic: nevado_temp_1r26vr5yycutq6ccad2b4-6dff-4f34-b972-621c2b1da524
	at org.skyscreamer.nevado.jms.connector.mock.MockSQSConnector.checkTopicExists(MockSQSConnector.java:169)
	at org.skyscreamer.nevado.jms.connector.mock.MockSQSConnector.deleteTopic(MockSQSConnector.java:85)
	at org.skyscreamer.nevado.jms.NevadoConnection.deleteTopic(NevadoConnection.java:193)
	at org.skyscreamer.nevado.jms.NevadoConnection.deleteTemporaryTopic(NevadoConnection.java:188)
	at org.skyscreamer.nevado.jms.NevadoConnection.close(NevadoConnection.java:138)
	at org.skyscreamer.nevado.jms.destination.TemporaryTopicTest.testDeleteUnusedTemporaryTopics(TemporaryTopicTest.java:102)
	at sun.reflect.NativeMethodAccessorImpl.invoke0(Native Method)
	at sun.reflect.NativeMethodAccessorImpl.invoke(NativeMethodAccessorImpl.java:62)
	at sun.reflect.DelegatingMethodAccessorImpl.invoke(DelegatingMethodAccessorImpl.java:43)
	at java.lang.reflect.Method.invoke(Method.java:498)
	at org.junit.runners.model.FrameworkMethod$1.runReflectiveCall(FrameworkMethod.java:45)
	at org.junit.internal.runners.model.ReflectiveCallable.run(ReflectiveCallable.java:15)
	at org.junit.runners.model.FrameworkMethod.invokeExplosively(FrameworkMethod.java:42)
	at org.junit.internal.runners.statements.InvokeMethod.evaluate(InvokeMethod.java:20)
	at org.junit.internal.runners.statements.RunBefores.evaluate(RunBefores.java:28)
	at org.springframework.test.context.junit4.statements.RunBeforeTestMethodCallbacks.evaluate(RunBeforeTestMethodCallbacks.java:74)
	at org.junit.internal.runners.statements.RunAfters.evaluate(RunAfters.java:30)
	at org.springframework.test.context.junit4.statements.RunAfterTestMethodCallbacks.evaluate(RunAfterTestMethodCallbacks.java:82)
	at org.springframework.test.context.junit4.statements.SpringRepeat.evaluate(SpringRepeat.java:72)
	at org.springframework.test.context.junit4.SpringJUnit4ClassRunner.runChild(SpringJUnit4ClassRunner.java:240)
	at org.junit.runners.BlockJUnit4ClassRunner.runChild(BlockJUnit4ClassRunner.java:47)
	at org.junit.runners.ParentRunner$3.run(ParentRunner.java:231)
	at org.junit.runners.ParentRunner$1.schedule(ParentRunner.java:60)
	at org.junit.runners.ParentRunner.runChildren(ParentRunner.java:229)
	at org.junit.runners.ParentRunner.access$000(ParentRunner.java:50)
	at org.junit.runners.ParentRunner$2.evaluate(ParentRunner.java:222)
	at org.springframework.test.context.junit4.statements.RunBeforeTestClassCallbacks.evaluate(RunBeforeTestClassCallbacks.java:61)
	at org.springframework.test.context.junit4.statements.RunAfterTestClassCallbacks.evaluate(RunAfterTestClassCallbacks.java:70)
	at org.junit.runners.ParentRunner.run(ParentRunner.java:300)
	at org.springframework.test.context.junit4.SpringJUnit4ClassRunner.run(SpringJUnit4ClassRunner.java:180)
	at org.gradle.api.internal.tasks.testing.junit.JUnitTestClassExecuter.runTestClass(JUnitTestClassExecuter.java:112)
	at org.gradle.api.internal.tasks.testing.junit.JUnitTestClassExecuter.execute(JUnitTestClassExecuter.java:56)
	at org.gradle.api.internal.tasks.testing.junit.JUnitTestClassProcessor.processTestClass(JUnitTestClassProcessor.java:66)
	at org.gradle.api.internal.tasks.testing.SuiteTestClassProcessor.processTestClass(SuiteTestClassProcessor.java:51)
	at sun.reflect.NativeMethodAccessorImpl.invoke0(Native Method)
	at sun.reflect.NativeMethodAccessorImpl.invoke(NativeMethodAccessorImpl.java:62)
	at sun.reflect.DelegatingMethodAccessorImpl.invoke(DelegatingMethodAccessorImpl.java:43)
	at java.lang.reflect.Method.invoke(Method.java:498)
	at org.gradle.messaging.dispatch.ReflectionDispatch.dispatch(ReflectionDispatch.java:35)
	at org.gradle.messaging.dispatch.ReflectionDispatch.dispatch(ReflectionDispatch.java:24)
	at org.gradle.messaging.dispatch.ContextClassLoaderDispatch.dispatch(ContextClassLoaderDispatch.java:32)
	at org.gradle.messaging.dispatch.ProxyDispatchAdapter$DispatchingInvocationHandler.invoke(ProxyDispatchAdapter.java:93)
	at com.sun.proxy.$Proxy2.processTestClass(Unknown Source)
	at org.gradle.api.internal.tasks.testing.worker.TestWorker.processTestClass(TestWorker.java:109)
	at sun.reflect.NativeMethodAccessorImpl.invoke0(Native Method)
	at sun.reflect.NativeMethodAccessorImpl.invoke(NativeMethodAccessorImpl.java:62)
	at sun.reflect.DelegatingMethodAccessorImpl.invoke(DelegatingMethodAccessorImpl.java:43)
	at java.lang.reflect.Method.invoke(Method.java:498)
	at org.gradle.messaging.dispatch.ReflectionDispatch.dispatch(ReflectionDispatch.java:35)
	at org.gradle.messaging.dispatch.ReflectionDispatch.dispatch(ReflectionDispatch.java:24)
	at org.gradle.messaging.remote.internal.hub.MessageHub$Handler.run(MessageHub.java:364)
	at org.gradle.internal.concurrent.ExecutorPolicy$CatchAndRecordFailures.onExecute(ExecutorPolicy.java:54)
	at org.gradle.internal.concurrent.StoppableExecutorImpl$1.run(StoppableExecutorImpl.java:40)
	at java.util.concurrent.ThreadPoolExecutor.runWorker(ThreadPoolExecutor.java:1142)
	at java.util.concurrent.ThreadPoolExecutor$Worker.run(ThreadPoolExecutor.java:617)
	at java.lang.Thread.run(Thread.java:745)
2016-11-06 08:24:57,343 INFO  org.skyscreamer.nevado.jms.NevadoConnection - Created temporary topic nevado_temp_gvwhncgwiof5_tempTopic
2016-11-06 08:24:57,344 INFO  org.skyscreamer.nevado.jms.NevadoConnection - Created temporary topic nevado_temp_1et23d9yequoq_tempTopic
]]></system-out>
  <system-err><![CDATA[]]></system-err>
</testsuite>
