<?xml version="1.0" encoding="UTF-8"?>
<testsuite name="org.skyscreamer.nevado.jms.metadata.JMSPriorityTest" tests="2" skipped="0" failures="0" errors="0" timestamp="2016-11-06T13:25:27" hostname="ted-Lemur-Ultra" time="0.004">
  <properties/>
  <testcase name="testAssign" classname="org.skyscreamer.nevado.jms.metadata.JMSPriorityTest" time="0.003"/>
  <testcase name="testDefault" classname="org.skyscreamer.nevado.jms.metadata.JMSPriorityTest" time="0.001"/>
  <system-out><![CDATA[2016-11-06 08:25:27,839 INFO  org.skyscreamer.nevado.jms.NevadoConnection - Created temporary queue nevado_temp_2invvn93vn5kl_tempQueue
2016-11-06 08:25:27,840 INFO  org.skyscreamer.nevado.jms.connector.mock.MockSQSConnector - Sent message to SQS 66699f2b-ff26-40b4-b1f8-268da29b1e3e
2016-11-06 08:25:27,840 INFO  org.skyscreamer.nevado.jms.connector.mock.MockSQSConnector - Received message 66699f2b-ff26-40b4-b1f8-268da29b1e3e
2016-11-06 08:25:27,840 INFO  org.skyscreamer.nevado.jms.connector.mock.MockSQSConnector - Sent message to SQS f9841af0-8a06-4004-92c7-e9a58fcc57c5
2016-11-06 08:25:27,840 INFO  org.skyscreamer.nevado.jms.connector.mock.MockSQSConnector - Received message f9841af0-8a06-4004-92c7-e9a58fcc57c5
2016-11-06 08:25:27,841 INFO  org.skyscreamer.nevado.jms.NevadoConnection - Created temporary queue nevado_temp_3j40jti5zrine_tempQueue
2016-11-06 08:25:27,841 INFO  org.skyscreamer.nevado.jms.connector.mock.MockSQSConnector - Sent message to SQS caa3ea0c-50ff-4e09-9a8b-d978b7578b0f
2016-11-06 08:25:27,841 INFO  org.skyscreamer.nevado.jms.connector.mock.MockSQSConnector - Received message caa3ea0c-50ff-4e09-9a8b-d978b7578b0f
]]></system-out>
  <system-err><![CDATA[]]></system-err>
</testsuite>
