<?xml version="1.0" encoding="UTF-8"?>
<testsuite name="org.skyscreamer.nevado.jms.facilities.MethodInheritanceTest" tests="10" skipped="0" failures="0" errors="0" timestamp="2016-11-06T13:24:57" hostname="ted-Lemur-Ultra" time="0.022">
  <properties/>
  <testcase name="testCreateQueue" classname="org.skyscreamer.nevado.jms.facilities.MethodInheritanceTest" time="0.005"/>
  <testcase name="testCreateTopic" classname="org.skyscreamer.nevado.jms.facilities.MethodInheritanceTest" time="0.001"/>
  <testcase name="testCreateQueueBrowser1" classname="org.skyscreamer.nevado.jms.facilities.MethodInheritanceTest" time="0.001"/>
  <testcase name="testCreateDurableConnectionConsumer" classname="org.skyscreamer.nevado.jms.facilities.MethodInheritanceTest" time="0.0"/>
  <testcase name="testUnsubscribe" classname="org.skyscreamer.nevado.jms.facilities.MethodInheritanceTest" time="0.001"/>
  <testcase name="testCreateTemporaryQueue" classname="org.skyscreamer.nevado.jms.facilities.MethodInheritanceTest" time="0.002"/>
  <testcase name="testCreateDurableSubscriber2" classname="org.skyscreamer.nevado.jms.facilities.MethodInheritanceTest" time="0.0"/>
  <testcase name="testCreateTemporaryTopic" classname="org.skyscreamer.nevado.jms.facilities.MethodInheritanceTest" time="0.001"/>
  <testcase name="testCreateDurableSubscriber1" classname="org.skyscreamer.nevado.jms.facilities.MethodInheritanceTest" time="0.003"/>
  <testcase name="testCreateQueueBrowser2" classname="org.skyscreamer.nevado.jms.facilities.MethodInheritanceTest" time="0.001"/>
  <system-out><![CDATA[]]></system-out>
  <system-err><![CDATA[]]></system-err>
</testsuite>
