<?xml version="1.0" encoding="UTF-8"?>
<testsuite name="org.skyscreamer.nevado.jms.destination.CreateDestinationTest" tests="2" skipped="0" failures="0" errors="0" timestamp="2016-11-06T13:24:56" hostname="ted-Lemur-Ultra" time="0.501">
  <properties/>
  <testcase name="testCreateQueue" classname="org.skyscreamer.nevado.jms.destination.CreateDestinationTest" time="0.499"/>
  <testcase name="testCreateTopic" classname="org.skyscreamer.nevado.jms.destination.CreateDestinationTest" time="0.001"/>
  <system-out><![CDATA[2016-11-06 08:24:56,341 INFO  org.springframework.beans.factory.xml.XmlBeanDefinitionReader - Loading XML bean definitions from class path resource [testContext.xml]
2016-11-06 08:24:56,656 INFO  org.springframework.context.support.GenericApplicationContext - Refreshing org.springframework.context.support.GenericApplicationContext@48ed8101: startup date [Sun Nov 06 08:24:56 EST 2016]; root of context hierarchy
2016-11-06 08:24:56,708 INFO  org.springframework.beans.factory.support.DefaultListableBeanFactory - Pre-instantiating singletons in org.springframework.beans.factory.support.DefaultListableBeanFactory@1a313d2d: defining beans [org.springframework.context.annotation.internalConfigurationAnnotationProcessor,org.springframework.context.annotation.internalAutowiredAnnotationProcessor,org.springframework.context.annotation.internalRequiredAnnotationProcessor,org.springframework.context.annotation.internalCommonAnnotationProcessor,sqsConnectorFactory,connectionFactory,performanceService]; root of factory hierarchy
]]></system-out>
  <system-err><![CDATA[]]></system-err>
</testsuite>
