<?xml version="1.0" encoding="UTF-8"?>
<testsuite name="org.skyscreamer.nevado.jms.metadata.JMSMessageIDTest" tests="2" skipped="0" failures="0" errors="0" timestamp="2016-11-06T13:25:27" hostname="ted-Lemur-Ultra" time="0.006">
  <properties/>
  <testcase name="testAssign" classname="org.skyscreamer.nevado.jms.metadata.JMSMessageIDTest" time="0.004"/>
  <testcase name="testDisable" classname="org.skyscreamer.nevado.jms.metadata.JMSMessageIDTest" time="0.002"/>
  <system-out><![CDATA[2016-11-06 08:25:27,845 INFO  org.skyscreamer.nevado.jms.NevadoConnection - Created temporary queue nevado_temp_28pj0rv17vghv_tempQueue
2016-11-06 08:25:27,846 INFO  org.skyscreamer.nevado.jms.connector.mock.MockSQSConnector - Sent message to SQS d5491db0-6952-4b45-9d4f-6b8261c90961
2016-11-06 08:25:27,846 INFO  org.skyscreamer.nevado.jms.connector.mock.MockSQSConnector - Received message d5491db0-6952-4b45-9d4f-6b8261c90961
2016-11-06 08:25:27,847 INFO  org.skyscreamer.nevado.jms.NevadoConnection - Created temporary queue nevado_temp_r0o0gehe3sge_tempQueue
2016-11-06 08:25:27,847 INFO  org.skyscreamer.nevado.jms.connector.mock.MockSQSConnector - Sent message to SQS c83a3417-3bfd-492f-a18f-3800e50a1226
2016-11-06 08:25:27,847 INFO  org.skyscreamer.nevado.jms.connector.mock.MockSQSConnector - Received message c83a3417-3bfd-492f-a18f-3800e50a1226
]]></system-out>
  <system-err><![CDATA[]]></system-err>
</testsuite>
