<?xml version="1.0" encoding="UTF-8"?>
<testsuite name="org.skyscreamer.nevado.jms.metadata.ClientJMSHeadersTest" tests="1" skipped="0" failures="0" errors="0" timestamp="2016-11-06T13:25:27" hostname="ted-Lemur-Ultra" time="0.004">
  <properties/>
  <testcase name="testAssign" classname="org.skyscreamer.nevado.jms.metadata.ClientJMSHeadersTest" time="0.004"/>
  <system-out><![CDATA[2016-11-06 08:25:27,851 INFO  org.skyscreamer.nevado.jms.NevadoConnection - Created temporary queue nevado_temp_tg4sl8xv3ci3_tempQueue
2016-11-06 08:25:27,851 INFO  org.skyscreamer.nevado.jms.connector.mock.MockSQSConnector - Sent message to SQS 73eef1d5-b8a5-448a-82e0-f820d84b59de
2016-11-06 08:25:27,851 INFO  org.skyscreamer.nevado.jms.connector.mock.MockSQSConnector - Received message 73eef1d5-b8a5-448a-82e0-f820d84b59de
]]></system-out>
  <system-err><![CDATA[]]></system-err>
</testsuite>
