<?xml version="1.0" encoding="UTF-8"?>
<testsuite name="org.skyscreamer.nevado.jms.util.BackoffSleeperTest" tests="1" skipped="0" failures="0" errors="0" timestamp="2016-11-06T13:25:23" hostname="ted-Lemur-Ultra" time="0.861">
  <properties/>
  <testcase name="testBackoffSleeper" classname="org.skyscreamer.nevado.jms.util.BackoffSleeperTest" time="0.861"/>
  <system-out><![CDATA[]]></system-out>
  <system-err><![CDATA[]]></system-err>
</testsuite>
