<?xml version="1.0" encoding="UTF-8"?>
<testsuite name="org.skyscreamer.nevado.jms.facilities.MessageProducerTest" tests="1" skipped="0" failures="0" errors="0" timestamp="2016-11-06T13:24:57" hostname="ted-Lemur-Ultra" time="0.008">
  <properties/>
  <testcase name="testOverrides" classname="org.skyscreamer.nevado.jms.facilities.MessageProducerTest" time="0.008"/>
  <system-out><![CDATA[2016-11-06 08:24:57,735 INFO  org.skyscreamer.nevado.jms.NevadoConnection - Created temporary queue nevado_temp_3iezi55hlkwni_tempQueue
2016-11-06 08:24:57,736 INFO  org.skyscreamer.nevado.jms.connector.mock.MockSQSConnector - Sent message to SQS 16bb86f4-4eff-438c-a6a5-24c074a4166d
2016-11-06 08:24:57,736 INFO  org.skyscreamer.nevado.jms.connector.mock.MockSQSConnector - Received message 16bb86f4-4eff-438c-a6a5-24c074a4166d
]]></system-out>
  <system-err><![CDATA[]]></system-err>
</testsuite>
