<?xml version="1.0" encoding="UTF-8"?>
<testsuite name="org.skyscreamer.nevado.jms.properties.ClearPropertiesTest" tests="1" skipped="0" failures="0" errors="0" timestamp="2016-11-06T13:25:27" hostname="ted-Lemur-Ultra" time="0.004">
  <properties/>
  <testcase name="testClear" classname="org.skyscreamer.nevado.jms.properties.ClearPropertiesTest" time="0.004"/>
  <system-out><![CDATA[2016-11-06 08:25:27,941 INFO  org.skyscreamer.nevado.jms.NevadoConnection - Created temporary queue nevado_temp_1w56i3hqx8gzn_tempQueue
2016-11-06 08:25:27,941 INFO  org.skyscreamer.nevado.jms.connector.mock.MockSQSConnector - Sent message to SQS 276fe947-c411-405d-a16c-829cc4c17fc8
2016-11-06 08:25:27,942 INFO  org.skyscreamer.nevado.jms.connector.mock.MockSQSConnector - Received message 276fe947-c411-405d-a16c-829cc4c17fc8
]]></system-out>
  <system-err><![CDATA[]]></system-err>
</testsuite>
