<?xml version="1.0" encoding="UTF-8"?>
<testsuite name="org.skyscreamer.nevado.jms.facilities.SessionTransactionTest" tests="3" skipped="0" failures="0" errors="0" timestamp="2016-11-06T13:25:20" hostname="ted-Lemur-Ultra" time="2.225">
  <properties/>
  <testcase name="testCommitNoTx" classname="org.skyscreamer.nevado.jms.facilities.SessionTransactionTest" time="0.004"/>
  <testcase name="testTransactionRollbackPartialReplay" classname="org.skyscreamer.nevado.jms.facilities.SessionTransactionTest" time="0.204"/>
  <testcase name="testTransaction" classname="org.skyscreamer.nevado.jms.facilities.SessionTransactionTest" time="2.016"/>
  <system-out><![CDATA[2016-11-06 08:25:20,708 INFO  org.skyscreamer.nevado.jms.NevadoConnection - Created temporary queue nevado_temp_3vmz8wtuo5k0i_tempQueue
2016-11-06 08:25:20,708 INFO  org.skyscreamer.nevado.jms.connector.mock.MockSQSConnector - Sent message to SQS 49d186d1-7e96-4e29-abfa-9a43535b1431
2016-11-06 08:25:20,708 INFO  org.skyscreamer.nevado.jms.connector.mock.MockSQSConnector - Sent message to SQS 34dc2c38-59c9-45cd-826b-91455fc47659
2016-11-06 08:25:20,708 INFO  org.skyscreamer.nevado.jms.connector.mock.MockSQSConnector - Sent message to SQS 0accadaf-41c0-4d7d-801f-323affdc89de
2016-11-06 08:25:20,709 INFO  org.skyscreamer.nevado.jms.connector.mock.MockSQSConnector - Received message 49d186d1-7e96-4e29-abfa-9a43535b1431
2016-11-06 08:25:20,709 INFO  org.skyscreamer.nevado.jms.connector.mock.MockSQSConnector - Received message 34dc2c38-59c9-45cd-826b-91455fc47659
2016-11-06 08:25:20,709 INFO  org.skyscreamer.nevado.jms.connector.mock.MockSQSConnector - Received message 0accadaf-41c0-4d7d-801f-323affdc89de
2016-11-06 08:25:20,910 INFO  org.skyscreamer.nevado.jms.connector.mock.MockSQSConnector - Received message 0accadaf-41c0-4d7d-801f-323affdc89de
2016-11-06 08:25:20,914 INFO  org.skyscreamer.nevado.jms.NevadoConnection - Created temporary queue nevado_temp_2864tlu2qel71_tempQueue
2016-11-06 08:25:20,914 INFO  org.skyscreamer.nevado.jms.NevadoConnection - Created temporary queue nevado_temp_860nonexy7jj_tempQueue
2016-11-06 08:25:20,915 INFO  org.skyscreamer.nevado.jms.connector.mock.MockSQSConnector - Sent message to SQS fa600cdf-3f62-4af4-a1df-6381fac3b11d
2016-11-06 08:25:20,915 INFO  org.skyscreamer.nevado.jms.connector.mock.MockSQSConnector - Sent message to SQS 43e5dded-3009-4172-9c18-ef9aa5c40059
2016-11-06 08:25:20,916 INFO  org.skyscreamer.nevado.jms.connector.mock.MockSQSConnector - Sent message to SQS 46dd8917-2e3a-450d-8105-a86955c5d80f
2016-11-06 08:25:20,916 INFO  org.skyscreamer.nevado.jms.connector.mock.MockSQSConnector - Received message fa600cdf-3f62-4af4-a1df-6381fac3b11d
2016-11-06 08:25:20,917 INFO  org.skyscreamer.nevado.jms.connector.mock.MockSQSConnector - Received message 43e5dded-3009-4172-9c18-ef9aa5c40059
2016-11-06 08:25:20,917 INFO  org.skyscreamer.nevado.jms.connector.mock.MockSQSConnector - Received message 46dd8917-2e3a-450d-8105-a86955c5d80f
2016-11-06 08:25:21,118 INFO  org.skyscreamer.nevado.jms.facilities.SessionTransactionTest - These messages are going to be rolled back, so should never be seen again: 93aae646-c4d5-4e18-b3c5-d66fd9804fc2 c69d30eb-2e83-4f35-82be-af9a0066624d
2016-11-06 08:25:21,522 INFO  org.skyscreamer.nevado.jms.facilities.SessionTransactionTest - Sent message without committing: 9780ca21-8c52-44f3-b9a2-9c57c3515d17
2016-11-06 08:25:21,522 INFO  org.skyscreamer.nevado.jms.facilities.SessionTransactionTest - Sent message without committing: e7f11e9f-17f0-4a36-8f48-911c0dfb56d1
2016-11-06 08:25:22,124 INFO  org.skyscreamer.nevado.jms.connector.mock.MockSQSConnector - Sent message to SQS 066d3bfb-1863-404e-99bc-b927fcae1f18
2016-11-06 08:25:22,124 INFO  org.skyscreamer.nevado.jms.connector.mock.MockSQSConnector - Sent message to SQS 29b5b882-8597-4ac4-8103-60b18995c069
2016-11-06 08:25:22,325 INFO  org.skyscreamer.nevado.jms.connector.mock.MockSQSConnector - Received message 066d3bfb-1863-404e-99bc-b927fcae1f18
2016-11-06 08:25:22,326 INFO  org.skyscreamer.nevado.jms.facilities.SessionTransactionTest - Got msg: 9780ca21-8c52-44f3-b9a2-9c57c3515d17
2016-11-06 08:25:22,326 INFO  org.skyscreamer.nevado.jms.connector.mock.MockSQSConnector - Received message 29b5b882-8597-4ac4-8103-60b18995c069
2016-11-06 08:25:22,327 INFO  org.skyscreamer.nevado.jms.facilities.SessionTransactionTest - Got msg: e7f11e9f-17f0-4a36-8f48-911c0dfb56d1
]]></system-out>
  <system-err><![CDATA[]]></system-err>
</testsuite>
