<?xml version="1.0" encoding="UTF-8"?>
<testsuite name="org.skyscreamer.nevado.jms.facilities.MessageListenerTest" tests="7" skipped="0" failures="0" errors="0" timestamp="2016-11-06T13:25:17" hostname="ted-Lemur-Ultra" time="0.612">
  <properties/>
  <testcase name="testAsyncThenSyncNoBlock" classname="org.skyscreamer.nevado.jms.facilities.MessageListenerTest" time="0.009"/>
  <testcase name="testThrowRuntimeAutoAck" classname="org.skyscreamer.nevado.jms.facilities.MessageListenerTest" time="0.129"/>
  <testcase name="testThrowRuntimeDupsOk" classname="org.skyscreamer.nevado.jms.facilities.MessageListenerTest" time="0.054"/>
  <testcase name="testThrowRuntimeClientAck" classname="org.skyscreamer.nevado.jms.facilities.MessageListenerTest" time="0.13"/>
  <testcase name="testThrowRuntimeTransacted" classname="org.skyscreamer.nevado.jms.facilities.MessageListenerTest" time="0.129"/>
  <testcase name="testMessageListener" classname="org.skyscreamer.nevado.jms.facilities.MessageListenerTest" time="0.157"/>
  <testcase name="testAsyncBlocksSync" classname="org.skyscreamer.nevado.jms.facilities.MessageListenerTest" time="0.002"/>
  <system-out><![CDATA[2016-11-06 08:25:17,115 INFO  org.skyscreamer.nevado.jms.NevadoConnection - Created temporary queue nevado_temp_2u7vadvbxjtjv_tempQueue
2016-11-06 08:25:17,118 INFO  org.skyscreamer.nevado.jms.NevadoConnection - Created temporary queue nevado_temp_10u80yucflxyk_tempQueue
2016-11-06 08:25:17,119 INFO  org.skyscreamer.nevado.jms.connector.mock.MockSQSConnector - Sent message to SQS b4b68c25-9ee5-40f3-b508-09017c54c5bb
2016-11-06 08:25:17,120 INFO  org.skyscreamer.nevado.jms.connector.mock.MockSQSConnector - Sent message to SQS 94c3cc8b-6d86-4f18-9b27-72211fddbb71
2016-11-06 08:25:17,169 INFO  org.skyscreamer.nevado.jms.connector.mock.MockSQSConnector - Received message b4b68c25-9ee5-40f3-b508-09017c54c5bb
2016-11-06 08:25:17,246 INFO  org.skyscreamer.nevado.jms.NevadoConnection - Created temporary queue nevado_temp_3nahbjpbwpy6f_tempQueue
2016-11-06 08:25:17,247 INFO  org.skyscreamer.nevado.jms.connector.mock.MockSQSConnector - Sent message to SQS 9afc4873-37d9-423f-b432-f6f9ae18b8c6
2016-11-06 08:25:17,247 INFO  org.skyscreamer.nevado.jms.connector.mock.MockSQSConnector - Sent message to SQS a32fc437-0680-4975-981c-93c35389cd21
2016-11-06 08:25:17,248 INFO  org.skyscreamer.nevado.jms.connector.mock.MockSQSConnector - Received message 9afc4873-37d9-423f-b432-f6f9ae18b8c6
2016-11-06 08:25:17,301 INFO  org.skyscreamer.nevado.jms.NevadoConnection - Created temporary queue nevado_temp_c402ecij5f5w_tempQueue
2016-11-06 08:25:17,301 INFO  org.skyscreamer.nevado.jms.connector.mock.MockSQSConnector - Sent message to SQS 67932df3-ead9-481f-b764-7f8f49b4f2d4
2016-11-06 08:25:17,301 INFO  org.skyscreamer.nevado.jms.connector.mock.MockSQSConnector - Sent message to SQS 971ee0d8-9d6c-49c9-995f-f02801623013
2016-11-06 08:25:17,351 INFO  org.skyscreamer.nevado.jms.connector.mock.MockSQSConnector - Received message 67932df3-ead9-481f-b764-7f8f49b4f2d4
2016-11-06 08:25:17,428 INFO  org.skyscreamer.nevado.jms.connector.mock.MockSQSConnector - Received message 971ee0d8-9d6c-49c9-995f-f02801623013
2016-11-06 08:25:17,431 INFO  org.skyscreamer.nevado.jms.NevadoConnection - Created temporary queue nevado_temp_246g05z4tnmrc_tempQueue
2016-11-06 08:25:17,433 INFO  org.skyscreamer.nevado.jms.connector.mock.MockSQSConnector - Sent message to SQS 10b8c537-d685-4c06-a1f1-e018e848b9f7
2016-11-06 08:25:17,434 INFO  org.skyscreamer.nevado.jms.connector.mock.MockSQSConnector - Sent message to SQS de2d14cd-53c0-417a-8005-54e5ee00f2c6
2016-11-06 08:25:17,482 INFO  org.skyscreamer.nevado.jms.connector.mock.MockSQSConnector - Received message 10b8c537-d685-4c06-a1f1-e018e848b9f7
2016-11-06 08:25:17,558 INFO  org.skyscreamer.nevado.jms.connector.mock.MockSQSConnector - Received message de2d14cd-53c0-417a-8005-54e5ee00f2c6
2016-11-06 08:25:17,561 INFO  org.skyscreamer.nevado.jms.NevadoConnection - Created temporary queue nevado_temp_2iq7atn84l2lg_tempQueue
2016-11-06 08:25:17,562 INFO  org.skyscreamer.nevado.jms.connector.mock.MockSQSConnector - Sent message to SQS 979a3b9e-4946-4972-be00-775ce2b1b692
2016-11-06 08:25:17,563 INFO  org.skyscreamer.nevado.jms.connector.mock.MockSQSConnector - Sent message to SQS bf43f750-d1c4-41c8-b035-45f838c7989b
2016-11-06 08:25:17,563 INFO  org.skyscreamer.nevado.jms.connector.mock.MockSQSConnector - Sent message to SQS 3a8f34c3-a584-4673-86e3-0f05095158cd
2016-11-06 08:25:17,612 INFO  org.skyscreamer.nevado.jms.connector.mock.MockSQSConnector - Received message 979a3b9e-4946-4972-be00-775ce2b1b692
2016-11-06 08:25:17,664 INFO  org.skyscreamer.nevado.jms.connector.mock.MockSQSConnector - Received message bf43f750-d1c4-41c8-b035-45f838c7989b
2016-11-06 08:25:17,715 INFO  org.skyscreamer.nevado.jms.connector.mock.MockSQSConnector - Received message 3a8f34c3-a584-4673-86e3-0f05095158cd
2016-11-06 08:25:17,718 INFO  org.skyscreamer.nevado.jms.NevadoConnection - Created temporary queue nevado_temp_35fx7jxb27196_tempQueue
]]></system-out>
  <system-err><![CDATA[]]></system-err>
</testsuite>
