<?xml version="1.0" encoding="UTF-8"?>
<testsuite name="org.skyscreamer.nevado.jms.message.TextMessageTest" tests="4" skipped="0" failures="0" errors="0" timestamp="2016-11-06T13:25:24" hostname="ted-Lemur-Ultra" time="0.03">
  <properties/>
  <testcase name="testTextMessage2" classname="org.skyscreamer.nevado.jms.message.TextMessageTest" time="0.008"/>
  <testcase name="testXmlMessage" classname="org.skyscreamer.nevado.jms.message.TextMessageTest" time="0.017"/>
  <testcase name="testAlienTextMessage" classname="org.skyscreamer.nevado.jms.message.TextMessageTest" time="0.002"/>
  <testcase name="testTextMessage" classname="org.skyscreamer.nevado.jms.message.TextMessageTest" time="0.002"/>
  <system-out><![CDATA[2016-11-06 08:25:24,976 INFO  org.skyscreamer.nevado.jms.NevadoConnection - Created temporary queue nevado_temp_2y8j9j7ft4bxz_tempQueue
2016-11-06 08:25:24,977 INFO  org.skyscreamer.nevado.jms.connector.mock.MockSQSConnector - Sent message to SQS 935ea91d-840e-462a-b528-c0201b6d7d49
2016-11-06 08:25:24,977 INFO  org.skyscreamer.nevado.jms.connector.mock.MockSQSConnector - Received message 935ea91d-840e-462a-b528-c0201b6d7d49
2016-11-06 08:25:24,981 INFO  org.skyscreamer.nevado.jms.NevadoConnection - Created temporary queue nevado_temp_2w5p7bxhyoh0q_tempQueue
2016-11-06 08:25:24,981 INFO  org.skyscreamer.nevado.jms.connector.mock.MockSQSConnector - Sent message to SQS 85bcdd1d-5acb-4edd-8d0b-52f711a3105b
2016-11-06 08:25:24,982 INFO  org.skyscreamer.nevado.jms.connector.mock.MockSQSConnector - Received message 85bcdd1d-5acb-4edd-8d0b-52f711a3105b
2016-11-06 08:25:24,998 INFO  org.skyscreamer.nevado.jms.NevadoConnection - Created temporary queue nevado_temp_3qebm10clcqhm_tempQueue
2016-11-06 08:25:24,999 INFO  org.skyscreamer.nevado.jms.connector.mock.MockSQSConnector - Sent message to SQS 0a6ffc6f-2324-4519-8ae6-6042d75a9cc5
2016-11-06 08:25:24,999 INFO  org.skyscreamer.nevado.jms.connector.mock.MockSQSConnector - Received message 0a6ffc6f-2324-4519-8ae6-6042d75a9cc5
2016-11-06 08:25:25,000 INFO  org.skyscreamer.nevado.jms.NevadoConnection - Created temporary queue nevado_temp_37iatw83eh650_tempQueue
2016-11-06 08:25:25,001 INFO  org.skyscreamer.nevado.jms.connector.mock.MockSQSConnector - Sent message to SQS 83d4978a-bddf-4ca2-9176-6b81fd0886f4
2016-11-06 08:25:25,001 INFO  org.skyscreamer.nevado.jms.connector.mock.MockSQSConnector - Received message 83d4978a-bddf-4ca2-9176-6b81fd0886f4
]]></system-out>
  <system-err><![CDATA[]]></system-err>
</testsuite>
