<?xml version="1.0" encoding="UTF-8"?>
<testsuite name="org.skyscreamer.nevado.jms.facilities.DurableTopicTest" tests="5" skipped="0" failures="0" errors="0" timestamp="2016-11-06T13:25:17" hostname="ted-Lemur-Ultra" time="2.628">
  <properties/>
  <testcase name="testDurableTopicDifferentClientIDs" classname="org.skyscreamer.nevado.jms.facilities.DurableTopicTest" time="2.011"/>
  <testcase name="testUnsubscribeWithActiveSubscriber" classname="org.skyscreamer.nevado.jms.facilities.DurableTopicTest" time="0.002"/>
  <testcase name="testUnsubscribeWithUnackedMsg" classname="org.skyscreamer.nevado.jms.facilities.DurableTopicTest" time="0.004"/>
  <testcase name="testDoubleSubscribe" classname="org.skyscreamer.nevado.jms.facilities.DurableTopicTest" time="0.003"/>
  <testcase name="testDurableTopic" classname="org.skyscreamer.nevado.jms.facilities.DurableTopicTest" time="0.606"/>
  <system-out><![CDATA[2016-11-06 08:25:19,751 INFO  org.skyscreamer.nevado.jms.connector.mock.MockSQSConnector - Received message 5aafb6c6-0764-4221-9e73-402f4a9ed097
2016-11-06 08:25:19,754 INFO  org.skyscreamer.nevado.jms.NevadoConnection - Created temporary topic nevado_temp_13rowtvz070im_tempTopic
2016-11-06 08:25:19,757 INFO  org.skyscreamer.nevado.jms.NevadoConnection - Created temporary topic nevado_temp_5jdnvypcdi4a_tempTopic
2016-11-06 08:25:19,758 INFO  org.skyscreamer.nevado.jms.connector.mock.MockSQSConnector - Received message c4b264b8-fdc9-4cd6-852b-a661fb2e9e10
2016-11-06 08:25:19,761 INFO  org.skyscreamer.nevado.jms.NevadoConnection - Created temporary topic nevado_temp_1f0dlclsy7abb_tempTopic
2016-11-06 08:25:19,765 INFO  org.skyscreamer.nevado.jms.connector.mock.MockSQSConnector - Received message ff7a77a7-75d3-454f-a163-5181079fd565
2016-11-06 08:25:19,767 INFO  org.skyscreamer.nevado.jms.connector.mock.MockSQSConnector - Received message d0ea5933-9fc2-45a1-8aac-bc7f84627e5e
2016-11-06 08:25:19,768 WARN  org.skyscreamer.nevado.jms.facilities.DurableTopicTest - EXPECTING EXCEPTION HERE:
]]></system-out>
  <system-err><![CDATA[]]></system-err>
</testsuite>
