<?xml version="1.0" encoding="UTF-8"?>
<testsuite name="org.skyscreamer.nevado.jms.facilities.AdministeredObjectsTest" tests="1" skipped="0" failures="0" errors="0" timestamp="2016-11-06T13:25:15" hostname="ted-Lemur-Ultra" time="0.0">
  <properties/>
  <testcase name="testsImplements" classname="org.skyscreamer.nevado.jms.facilities.AdministeredObjectsTest" time="0.0"/>
  <system-out><![CDATA[]]></system-out>
  <system-err><![CDATA[]]></system-err>
</testsuite>
