<?xml version="1.0" encoding="UTF-8"?>
<testsuite name="org.skyscreamer.nevado.jms.message.CopyOfDataTest" tests="4" skipped="0" failures="0" errors="0" timestamp="2016-11-06T13:25:24" hostname="ted-Lemur-Ultra" time="0.014">
  <properties/>
  <testcase name="testObjectMessage" classname="org.skyscreamer.nevado.jms.message.CopyOfDataTest" time="0.009"/>
  <testcase name="testBytesMessage" classname="org.skyscreamer.nevado.jms.message.CopyOfDataTest" time="0.001"/>
  <testcase name="testStreamMessage" classname="org.skyscreamer.nevado.jms.message.CopyOfDataTest" time="0.002"/>
  <testcase name="testMapMessage" classname="org.skyscreamer.nevado.jms.message.CopyOfDataTest" time="0.002"/>
  <system-out><![CDATA[]]></system-out>
  <system-err><![CDATA[]]></system-err>
</testsuite>
