<?xml version="1.0" encoding="UTF-8"?>
<testsuite name="org.skyscreamer.nevado.jms.metadata.JMSDestinationTest" tests="2" skipped="0" failures="0" errors="0" timestamp="2016-11-06T13:25:27" hostname="ted-Lemur-Ultra" time="0.01">
  <properties/>
  <testcase name="testAssign" classname="org.skyscreamer.nevado.jms.metadata.JMSDestinationTest" time="0.008"/>
  <testcase name="testTopic" classname="org.skyscreamer.nevado.jms.metadata.JMSDestinationTest" time="0.002"/>
  <system-out><![CDATA[2016-11-06 08:25:27,794 INFO  org.skyscreamer.nevado.jms.NevadoConnection - Created temporary queue nevado_temp_1n1274hg2e3hh_tempQueue
2016-11-06 08:25:27,795 INFO  org.skyscreamer.nevado.jms.connector.mock.MockSQSConnector - Sent message to SQS acb65b45-92ee-4d5f-aa1b-adb351cb29a2
2016-11-06 08:25:27,795 INFO  org.skyscreamer.nevado.jms.connector.mock.MockSQSConnector - Received message acb65b45-92ee-4d5f-aa1b-adb351cb29a2
2016-11-06 08:25:27,796 INFO  org.skyscreamer.nevado.jms.NevadoConnection - Created temporary topic nevado_temp_yd1mubfjf2lw_tempTopic
2016-11-06 08:25:27,796 INFO  org.skyscreamer.nevado.jms.NevadoConnection - Created temporary queue nevado_temp_t1hnyfdfbxqu_tempQueue
2016-11-06 08:25:27,797 INFO  org.skyscreamer.nevado.jms.connector.mock.MockSQSConnector - Received message e97d3c73-af98-4774-b381-ba973f07c3d2
]]></system-out>
  <system-err><![CDATA[]]></system-err>
</testsuite>
