<?xml version="1.0" encoding="UTF-8"?>
<testsuite name="org.skyscreamer.nevado.jms.destination.GeneralQueueTest" tests="3" skipped="0" failures="0" errors="0" timestamp="2016-11-06T13:24:57" hostname="ted-Lemur-Ultra" time="0.026">
  <properties/>
  <testcase name="testMixedMessages" classname="org.skyscreamer.nevado.jms.destination.GeneralQueueTest" time="0.021"/>
  <testcase name="testCommonAndPTPAreSameImplementation" classname="org.skyscreamer.nevado.jms.destination.GeneralQueueTest" time="0.002"/>
  <testcase name="testQueueFacilities" classname="org.skyscreamer.nevado.jms.destination.GeneralQueueTest" time="0.003"/>
  <system-out><![CDATA[2016-11-06 08:24:57,352 INFO  org.skyscreamer.nevado.jms.NevadoConnection - Created temporary queue nevado_temp_3jkwp4m6alk8s_tempQueue
2016-11-06 08:24:57,358 INFO  org.skyscreamer.nevado.jms.connector.mock.MockSQSConnector - Sent message to SQS 9871c9b7-04eb-4b6c-9ef9-944a7aa11e79
2016-11-06 08:24:57,359 INFO  org.skyscreamer.nevado.jms.connector.mock.MockSQSConnector - Sent message to SQS 9a84d9fa-3a07-44da-8aaa-277c9b5f30fa
2016-11-06 08:24:57,360 INFO  org.skyscreamer.nevado.jms.connector.mock.MockSQSConnector - Sent message to SQS 576de8f4-ca4e-4286-a9b4-6a889a5cff13
2016-11-06 08:24:57,361 INFO  org.skyscreamer.nevado.jms.connector.mock.MockSQSConnector - Sent message to SQS 47ead03f-5d6a-4a56-8177-decbe1b4a9c4
2016-11-06 08:24:57,361 INFO  org.skyscreamer.nevado.jms.connector.mock.MockSQSConnector - Sent message to SQS 96b279fb-578a-4625-8272-d5ee6315b5c3
2016-11-06 08:24:57,361 INFO  org.skyscreamer.nevado.jms.connector.mock.MockSQSConnector - Received message 9871c9b7-04eb-4b6c-9ef9-944a7aa11e79
2016-11-06 08:24:57,363 INFO  org.skyscreamer.nevado.jms.connector.mock.MockSQSConnector - Received message 9a84d9fa-3a07-44da-8aaa-277c9b5f30fa
2016-11-06 08:24:57,364 INFO  org.skyscreamer.nevado.jms.connector.mock.MockSQSConnector - Received message 576de8f4-ca4e-4286-a9b4-6a889a5cff13
2016-11-06 08:24:57,365 INFO  org.skyscreamer.nevado.jms.connector.mock.MockSQSConnector - Received message 47ead03f-5d6a-4a56-8177-decbe1b4a9c4
2016-11-06 08:24:57,366 INFO  org.skyscreamer.nevado.jms.connector.mock.MockSQSConnector - Received message 96b279fb-578a-4625-8272-d5ee6315b5c3
2016-11-06 08:24:57,371 INFO  org.skyscreamer.nevado.jms.NevadoQueueConnection - Created temporary queue nevado_temp_cwswa9mvz2wf
2016-11-06 08:24:57,372 INFO  org.skyscreamer.nevado.jms.connector.mock.MockSQSConnector - Sent message to SQS ac73dfac-8231-41c9-a6ff-061a73e74bd6
2016-11-06 08:24:57,372 INFO  org.skyscreamer.nevado.jms.connector.mock.MockSQSConnector - Received message ac73dfac-8231-41c9-a6ff-061a73e74bd6
]]></system-out>
  <system-err><![CDATA[]]></system-err>
</testsuite>
