<?xml version="1.0" encoding="UTF-8"?>
<testsuite name="org.skyscreamer.nevado.jms.properties.NonexistentPropertyTest" tests="1" skipped="0" failures="0" errors="0" timestamp="2016-11-06T13:25:27" hostname="ted-Lemur-Ultra" time="0.002">
  <properties/>
  <testcase name="testNonexistentProperty" classname="org.skyscreamer.nevado.jms.properties.NonexistentPropertyTest" time="0.002"/>
  <system-out><![CDATA[]]></system-out>
  <system-err><![CDATA[]]></system-err>
</testsuite>
