<?xml version="1.0" encoding="UTF-8"?>
<testsuite name="org.skyscreamer.nevado.jms.properties.PropertyNameTest" tests="3" skipped="0" failures="0" errors="0" timestamp="2016-11-06T13:25:27" hostname="ted-Lemur-Ultra" time="0.004">
  <properties/>
  <testcase name="testWhiteSpace" classname="org.skyscreamer.nevado.jms.properties.PropertyNameTest" time="0.002"/>
  <testcase name="testFirstCharacter" classname="org.skyscreamer.nevado.jms.properties.PropertyNameTest" time="0.001"/>
  <testcase name="testReservedNames" classname="org.skyscreamer.nevado.jms.properties.PropertyNameTest" time="0.001"/>
  <system-out><![CDATA[]]></system-out>
  <system-err><![CDATA[]]></system-err>
</testsuite>
