<?xml version="1.0" encoding="UTF-8"?>
<testsuite name="org.skyscreamer.nevado.jms.connector.mock.MockSQSConnectorFactoryTest" tests="2" skipped="0" failures="0" errors="0" timestamp="2016-11-06T13:25:25" hostname="ted-Lemur-Ultra" time="0.202">
  <properties/>
  <testcase name="testFactoryWillSendAndReceiveAMessage" classname="org.skyscreamer.nevado.jms.connector.mock.MockSQSConnectorFactoryTest" time="0.001"/>
  <testcase name="testResetWillResetTheInternalConnectorBackToEmpty" classname="org.skyscreamer.nevado.jms.connector.mock.MockSQSConnectorFactoryTest" time="0.201"/>
  <system-out><![CDATA[2016-11-06 08:25:25,526 INFO  org.skyscreamer.nevado.jms.connector.mock.MockSQSConnector - Sent message to SQS 6a4727f1-b69c-429d-99e5-0cb14c4dcce7
2016-11-06 08:25:25,527 INFO  org.skyscreamer.nevado.jms.connector.mock.MockSQSConnector - Received message 6a4727f1-b69c-429d-99e5-0cb14c4dcce7
2016-11-06 08:25:25,528 INFO  org.skyscreamer.nevado.jms.connector.mock.MockSQSConnector - Sent message to SQS 7792bdec-eca3-4180-9877-21b8c0049ff0
]]></system-out>
  <system-err><![CDATA[]]></system-err>
</testsuite>
