<?xml version="1.0" encoding="UTF-8"?>
<testsuite name="org.skyscreamer.nevado.jms.message.NullValuesTest" tests="7" skipped="0" failures="0" errors="0" timestamp="2016-11-06T13:25:25" hostname="ted-Lemur-Ultra" time="0.059">
  <properties/>
  <testcase name="testMessageHeadersAndProperties" classname="org.skyscreamer.nevado.jms.message.NullValuesTest" time="0.004"/>
  <testcase name="testStreamMessageNullBytes" classname="org.skyscreamer.nevado.jms.message.NullValuesTest" time="0.0"/>
  <testcase name="testTextMessage" classname="org.skyscreamer.nevado.jms.message.NullValuesTest" time="0.001"/>
  <testcase name="testObjectMessage" classname="org.skyscreamer.nevado.jms.message.NullValuesTest" time="0.05"/>
  <testcase name="testBytesMessage" classname="org.skyscreamer.nevado.jms.message.NullValuesTest" time="0.001"/>
  <testcase name="testStreamMessage" classname="org.skyscreamer.nevado.jms.message.NullValuesTest" time="0.0"/>
  <testcase name="testMapMessage" classname="org.skyscreamer.nevado.jms.message.NullValuesTest" time="0.001"/>
  <system-out><![CDATA[]]></system-out>
  <system-err><![CDATA[]]></system-err>
</testsuite>
