<?xml version="1.0" encoding="UTF-8"?>
<testsuite name="org.skyscreamer.nevado.jms.facilities.ConnectionCreationTest" tests="1" skipped="0" failures="0" errors="0" timestamp="2016-11-06T13:25:20" hostname="ted-Lemur-Ultra" time="0.007">
  <properties/>
  <testcase name="testBadConnection" classname="org.skyscreamer.nevado.jms.facilities.ConnectionCreationTest" time="0.007"/>
  <system-out><![CDATA[]]></system-out>
  <system-err><![CDATA[]]></system-err>
</testsuite>
