<?xml version="1.0" encoding="UTF-8"?>
<testsuite name="org.skyscreamer.nevado.jms.properties.JMSXDeliveryCountTest" tests="1" skipped="0" failures="0" errors="0" timestamp="2016-11-06T13:25:27" hostname="ted-Lemur-Ultra" time="0.006">
  <properties/>
  <testcase name="testJMSXDeliveryCount" classname="org.skyscreamer.nevado.jms.properties.JMSXDeliveryCountTest" time="0.006"/>
  <system-out><![CDATA[2016-11-06 08:25:27,860 INFO  org.skyscreamer.nevado.jms.NevadoConnection - Created temporary queue nevado_temp_25ccth6tvo7el_tempQueue
2016-11-06 08:25:27,860 INFO  org.skyscreamer.nevado.jms.connector.mock.MockSQSConnector - Sent message to SQS 6d5bc6e2-40d1-4898-8249-34ab90cb808c
2016-11-06 08:25:27,861 INFO  org.skyscreamer.nevado.jms.connector.mock.MockSQSConnector - Received message 6d5bc6e2-40d1-4898-8249-34ab90cb808c
2016-11-06 08:25:27,861 INFO  org.skyscreamer.nevado.jms.connector.mock.MockSQSConnector - Received message 6d5bc6e2-40d1-4898-8249-34ab90cb808c
2016-11-06 08:25:27,863 INFO  org.skyscreamer.nevado.jms.connector.mock.MockSQSConnector - Received message 6d5bc6e2-40d1-4898-8249-34ab90cb808c
2016-11-06 08:25:27,863 INFO  org.skyscreamer.nevado.jms.connector.mock.MockSQSConnector - Received message 6d5bc6e2-40d1-4898-8249-34ab90cb808c
2016-11-06 08:25:27,863 INFO  org.skyscreamer.nevado.jms.connector.mock.MockSQSConnector - Received message 6d5bc6e2-40d1-4898-8249-34ab90cb808c
]]></system-out>
  <system-err><![CDATA[]]></system-err>
</testsuite>
